<?xml version="1.0" encoding="UTF-8"?>
<!-- Generated by org.testng.reporters.JUnitReportReporter -->
<testsuite hostname="DESKTOP-3BDBSD1" failures="0" tests="8" name="testcases.CarNameAndCarPriceTest" time="99.685" errors="0" timestamp="2025-02-19T17:06:00 IST" skipped="0">
  <testcase classname="testcases.CarNameAndCarPriceTest" name="carNameAndCarPrice" time="13.535"/>
  <testcase classname="testcases.CarNameAndCarPriceTest" name="carNameAndCarPrice" time="11.030"/>
  <testcase classname="testcases.CarNameAndCarPriceTest" name="carNameAndCarPrice" time="14.809"/>
  <testcase classname="testcases.CarNameAndCarPriceTest" name="carNameAndCarPrice" time="10.818"/>
  <testcase classname="testcases.CarNameAndCarPriceTest" name="carNameAndCarPrice" time="12.181"/>
  <testcase classname="testcases.CarNameAndCarPriceTest" name="carNameAndCarPrice" time="11.197"/>
  <testcase classname="testcases.CarNameAndCarPriceTest" name="carNameAndCarPrice" time="9.342"/>
  <testcase classname="testcases.CarNameAndCarPriceTest" name="carNameAndCarPrice" time="16.773"/>
</testsuite> <!-- testcases.CarNameAndCarPriceTest -->
