<?xml version="1.0" encoding="UTF-8"?>
<!-- Generated by org.testng.reporters.JUnitReportReporter -->
<testsuite hostname="DESKTOP-3BDBSD1" failures="0" tests="8" name="testcases.CarNameAndCarPriceTest" time="82.603" errors="0" timestamp="2025-03-13T11:56:18 IST" skipped="0">
  <testcase classname="testcases.CarNameAndCarPriceTest" name="carNameAndCarPrice" time="10.838"/>
  <testcase classname="testcases.CarNameAndCarPriceTest" name="carNameAndCarPrice" time="9.260"/>
  <testcase classname="testcases.CarNameAndCarPriceTest" name="carNameAndCarPrice" time="11.320"/>
  <testcase classname="testcases.CarNameAndCarPriceTest" name="carNameAndCarPrice" time="10.289"/>
  <testcase classname="testcases.CarNameAndCarPriceTest" name="carNameAndCarPrice" time="9.555"/>
  <testcase classname="testcases.CarNameAndCarPriceTest" name="carNameAndCarPrice" time="11.354"/>
  <testcase classname="testcases.CarNameAndCarPriceTest" name="carNameAndCarPrice" time="9.929"/>
  <testcase classname="testcases.CarNameAndCarPriceTest" name="carNameAndCarPrice" time="10.058"/>
</testsuite> <!-- testcases.CarNameAndCarPriceTest -->
