<?xml version="1.0" encoding="UTF-8"?>
<!-- Generated by org.testng.reporters.JUnitReportReporter -->
<testsuite hostname="DESKTOP-3BDBSD1" failures="0" tests="2" name="testcases.ExploreUsedCarsTest" time="40.783" errors="0" timestamp="2025-03-13T12:02:35 IST" skipped="0">
  <testcase classname="testcases.ExploreUsedCarsTest" name="exploreUsedCars" time="20.873"/>
  <testcase classname="testcases.ExploreUsedCarsTest" name="exploreUsedCars" time="19.910"/>
</testsuite> <!-- testcases.ExploreUsedCarsTest -->
