<?xml version="1.0" encoding="UTF-8"?>
<!-- Generated by org.testng.reporters.JUnitReportReporter -->
<testsuite hostname="DESKTOP-3BDBSD1" failures="0" tests="2" name="testcases.ExploreUsedCarsTest" time="40.988" errors="0" timestamp="2025-03-21T14:11:44 IST" skipped="0">
  <testcase classname="testcases.ExploreUsedCarsTest" name="exploreUsedCars" time="22.918"/>
  <testcase classname="testcases.ExploreUsedCarsTest" name="exploreUsedCars" time="18.070"/>
</testsuite> <!-- testcases.ExploreUsedCarsTest -->
