<?xml version="1.0" encoding="UTF-8"?>
<!-- Generated by org.testng.reporters.JUnitReportReporter -->
<testsuite hostname="DESKTOP-3BDBSD1" failures="0" tests="8" name="testcases.FindNewCarTest" time="66.348" errors="0" timestamp="2025-03-13T12:29:08 IST" skipped="0">
  <testcase classname="testcases.FindNewCarTest" name="findNewCars" time="7.962"/>
  <testcase classname="testcases.FindNewCarTest" name="findNewCars" time="9.577"/>
  <testcase classname="testcases.FindNewCarTest" name="findNewCars" time="7.792"/>
  <testcase classname="testcases.FindNewCarTest" name="findNewCars" time="7.986"/>
  <testcase classname="testcases.FindNewCarTest" name="findNewCars" time="9.498"/>
  <testcase classname="testcases.FindNewCarTest" name="findNewCars" time="7.981"/>
  <testcase classname="testcases.FindNewCarTest" name="findNewCars" time="7.951"/>
  <testcase classname="testcases.FindNewCarTest" name="findNewCars" time="7.601"/>
</testsuite> <!-- testcases.FindNewCarTest -->
