<?xml version="1.0" encoding="UTF-8"?>
<!-- Generated by org.testng.reporters.JUnitReportReporter -->
<testsuite hostname="DESKTOP-3BDBSD1" failures="0" tests="8" name="testcases.FindNewCarTest" time="94.043" errors="0" timestamp="2025-02-19T17:06:00 IST" skipped="0">
  <testcase classname="testcases.FindNewCarTest" name="findNewCars" time="12.992"/>
  <testcase classname="testcases.FindNewCarTest" name="findNewCars" time="15.515"/>
  <testcase classname="testcases.FindNewCarTest" name="findNewCars" time="9.013"/>
  <testcase classname="testcases.FindNewCarTest" name="findNewCars" time="13.460"/>
  <testcase classname="testcases.FindNewCarTest" name="findNewCars" time="7.800"/>
  <testcase classname="testcases.FindNewCarTest" name="findNewCars" time="10.705"/>
  <testcase classname="testcases.FindNewCarTest" name="findNewCars" time="15.859"/>
  <testcase classname="testcases.FindNewCarTest" name="findNewCars" time="8.699"/>
</testsuite> <!-- testcases.FindNewCarTest -->
