<?xml version="1.0" encoding="UTF-8"?>
<!-- Generated by org.testng.reporters.JUnitReportReporter -->
<testsuite hostname="DESKTOP-3BDBSD1" failures="0" tests="8" name="testcases.CarNameAndCarPriceTest" time="119.018" errors="0" timestamp="2025-03-18T22:36:52 IST" skipped="0">
  <testcase classname="testcases.CarNameAndCarPriceTest" name="carNameAndCarPrice" time="9.620"/>
  <testcase classname="testcases.CarNameAndCarPriceTest" name="carNameAndCarPrice" time="14.889"/>
  <testcase classname="testcases.CarNameAndCarPriceTest" name="carNameAndCarPrice" time="10.513"/>
  <testcase classname="testcases.CarNameAndCarPriceTest" name="carNameAndCarPrice" time="13.449"/>
  <testcase classname="testcases.CarNameAndCarPriceTest" name="carNameAndCarPrice" time="15.987"/>
  <testcase classname="testcases.CarNameAndCarPriceTest" name="carNameAndCarPrice" time="20.159"/>
  <testcase classname="testcases.CarNameAndCarPriceTest" name="carNameAndCarPrice" time="18.815"/>
  <testcase classname="testcases.CarNameAndCarPriceTest" name="carNameAndCarPrice" time="15.586"/>
  <system-out>
    <![CDATA[Capturing scrrenshot!!!
<a target="_blank" href=Tue_Mar_18_22_33_36_IST_2025.jpg>Screenshot</a>
</br>
<a target="_blank" href=Tue_Mar_18_22_33_36_IST_2025.jpg><img height=200 width=200 src=Tue_Mar_18_22_33_36_IST_2025.jpg></img></a>
Capturing scrrenshot!!!
<a target="_blank" href=Tue_Mar_18_22_36_29_IST_2025.jpg>Screenshot</a>
</br>
<a target="_blank" href=Tue_Mar_18_22_36_29_IST_2025.jpg><img height=200 width=200 src=Tue_Mar_18_22_36_29_IST_2025.jpg></img></a>
Capturing scrrenshot!!!
<a target="_blank" href=Tue_Mar_18_22_36_48_IST_2025.jpg>Screenshot</a>
</br>
<a target="_blank" href=Tue_Mar_18_22_36_48_IST_2025.jpg><img height=200 width=200 src=Tue_Mar_18_22_36_48_IST_2025.jpg></img></a>]]>
  </system-out>
</testsuite> <!-- testcases.CarNameAndCarPriceTest -->
