<?xml version="1.0" encoding="UTF-8"?>
<!-- Generated by org.testng.reporters.JUnitReportReporter -->
<testsuite hostname="DESKTOP-3BDBSD1" failures="0" tests="8" name="testcases.CarNameAndCarPriceTest" time="96.809" errors="0" timestamp="2025-03-21T14:11:44 IST" skipped="0">
  <testcase classname="testcases.CarNameAndCarPriceTest" name="carNameAndCarPrice" time="11.665"/>
  <testcase classname="testcases.CarNameAndCarPriceTest" name="carNameAndCarPrice" time="15.521"/>
  <testcase classname="testcases.CarNameAndCarPriceTest" name="carNameAndCarPrice" time="13.901"/>
  <testcase classname="testcases.CarNameAndCarPriceTest" name="carNameAndCarPrice" time="8.762"/>
  <testcase classname="testcases.CarNameAndCarPriceTest" name="carNameAndCarPrice" time="15.621"/>
  <testcase classname="testcases.CarNameAndCarPriceTest" name="carNameAndCarPrice" time="9.500"/>
  <testcase classname="testcases.CarNameAndCarPriceTest" name="carNameAndCarPrice" time="12.006"/>
  <testcase classname="testcases.CarNameAndCarPriceTest" name="carNameAndCarPrice" time="9.833"/>
</testsuite> <!-- testcases.CarNameAndCarPriceTest -->
