<?xml version="1.0" encoding="UTF-8"?>
<!-- Generated by org.testng.reporters.JUnitReportReporter -->
<testsuite hostname="DESKTOP-3BDBSD1" failures="0" tests="8" name="testcases.FindNewCar" time="90.161" errors="0" timestamp="2025-02-18T23:04:54 IST" skipped="0">
  <testcase classname="testcases.FindNewCar" name="findNewCars" time="8.956"/>
  <testcase classname="testcases.FindNewCar" name="findNewCars" time="8.479"/>
  <testcase classname="testcases.FindNewCar" name="findNewCars" time="8.052"/>
  <testcase classname="testcases.FindNewCar" name="findNewCars" time="14.749"/>
  <testcase classname="testcases.FindNewCar" name="findNewCars" time="13.732"/>
  <testcase classname="testcases.FindNewCar" name="findNewCars" time="11.931"/>
  <testcase classname="testcases.FindNewCar" name="findNewCars" time="8.904"/>
  <testcase classname="testcases.FindNewCar" name="findNewCars" time="15.358"/>
</testsuite> <!-- testcases.FindNewCar -->
