<?xml version="1.0" encoding="UTF-8"?>
<!-- Generated by org.testng.reporters.JUnitReportReporter -->
<testsuite hostname="DESKTOP-3BDBSD1" failures="0" tests="8" name="testcases.FindNewCarTest" time="93.322" errors="0" timestamp="2025-03-21T14:11:44 IST" skipped="0">
  <testcase classname="testcases.FindNewCarTest" name="findNewCars" time="12.152"/>
  <testcase classname="testcases.FindNewCarTest" name="findNewCars" time="13.042"/>
  <testcase classname="testcases.FindNewCarTest" name="findNewCars" time="9.466"/>
  <testcase classname="testcases.FindNewCarTest" name="findNewCars" time="10.939"/>
  <testcase classname="testcases.FindNewCarTest" name="findNewCars" time="8.947"/>
  <testcase classname="testcases.FindNewCarTest" name="findNewCars" time="13.007"/>
  <testcase classname="testcases.FindNewCarTest" name="findNewCars" time="7.908"/>
  <testcase classname="testcases.FindNewCarTest" name="findNewCars" time="17.861"/>
</testsuite> <!-- testcases.FindNewCarTest -->
